android-build/build/intermediates/manifest_merge_blame_file/debug/manifest-merger-blame-debug-report.txt
1<?xml version="1.0" encoding="utf-8"?>
2<manifest xmlns:android="http://schemas.android.com/apk/res/android"
3    package="org.qtproject.example.Calculator"
4    android:installLocation="auto"
5    android:versionCode="1"
6    android:versionName="1.0" >
7
8    <uses-sdk
9        android:minSdkVersion="23"
9-->Calculator\android-build\AndroidManifest.xml
10        android:targetSdkVersion="31" />
10-->Calculator\android-build\AndroidManifest.xml
11
12    <uses-permission android:name="android.permission.INTERNET" />
12-->Calculator\android-build\AndroidManifest.xml:7:5-67
12-->Calculator\android-build\AndroidManifest.xml:7:22-64
13    <uses-permission android:name="android.permission.WRITE_EXTERNAL_STORAGE" />
13-->Calculator\android-build\AndroidManifest.xml:8:5-81
13-->Calculator\android-build\AndroidManifest.xml:8:22-78
14
15    <supports-screens
15-->Calculator\android-build\AndroidManifest.xml:10:5-14:39
16        android:anyDensity="true"
16-->Calculator\android-build\AndroidManifest.xml:11:9-34
17        android:largeScreens="true"
17-->Calculator\android-build\AndroidManifest.xml:12:9-36
18        android:normalScreens="true"
18-->Calculator\android-build\AndroidManifest.xml:13:9-37
19        android:smallScreens="true" />
19-->Calculator\android-build\AndroidManifest.xml:14:9-36
20
21    <permission
21-->[androidx.core:core:1.10.1] AndroidManifest.xml:22:5-24:47
22        android:name="org.qtproject.example.Calculator.DYNAMIC_RECEIVER_NOT_EXPORTED_PERMISSION"
22-->[androidx.core:core:1.10.1] AndroidManifest.xml:23:9-81
23        android:protectionLevel="signature" />
23-->[androidx.core:core:1.10.1] AndroidManifest.xml:24:9-44
24
25    <uses-permission android:name="org.qtproject.example.Calculator.DYNAMIC_RECEIVER_NOT_EXPORTED_PERMISSION" />
25-->[androidx.core:core:1.10.1] AndroidManifest.xml:26:5-97
25-->[androidx.core:core:1.10.1] AndroidManifest.xml:26:22-94
26
27    <application
27-->Calculator\android-build\AndroidManifest.xml:15:5-57:19
28        android:name="org.qtproject.qt.android.bindings.QtApplication"
28-->Calculator\android-build\AndroidManifest.xml:16:9-71
29        android:allowBackup="true"
29-->Calculator\android-build\AndroidManifest.xml:21:9-35
30        android:allowNativeHeapPointerTagging="false"
30-->Calculator\android-build\AndroidManifest.xml:20:9-54
31        android:appComponentFactory="androidx.core.app.CoreComponentFactory"
31-->[androidx.core:core:1.10.1] AndroidManifest.xml:28:18-86
32        android:debuggable="true"
33        android:fullBackupOnly="false"
33-->Calculator\android-build\AndroidManifest.xml:22:9-39
34        android:hardwareAccelerated="true"
34-->Calculator\android-build\AndroidManifest.xml:17:9-43
35        android:label="Calculator"
35-->Calculator\android-build\AndroidManifest.xml:18:9-35
36        android:requestLegacyExternalStorage="true" >
36-->Calculator\android-build\AndroidManifest.xml:19:9-52
37        <activity
37-->Calculator\android-build\AndroidManifest.xml:23:9-46:20
38            android:name="org.qtproject.qt.android.bindings.QtActivity"
38-->Calculator\android-build\AndroidManifest.xml:24:13-72
39            android:configChanges="orientation|uiMode|screenLayout|screenSize|smallestScreenSize|layoutDirection|locale|fontScale|keyboard|keyboardHidden|navigation|mcc|mnc|density"
39-->Calculator\android-build\AndroidManifest.xml:25:13-182
40            android:exported="true"
40-->Calculator\android-build\AndroidManifest.xml:29:13-36
41            android:label="Calculator"
41-->Calculator\android-build\AndroidManifest.xml:26:13-39
42            android:launchMode="singleTop"
42-->Calculator\android-build\AndroidManifest.xml:27:13-43
43            android:screenOrientation="unspecified" >
43-->Calculator\android-build\AndroidManifest.xml:28:13-52
44            <intent-filter>
44-->Calculator\android-build\AndroidManifest.xml:30:13-33:29
45                <action android:name="android.intent.action.MAIN" />
45-->Calculator\android-build\AndroidManifest.xml:31:17-69
45-->Calculator\android-build\AndroidManifest.xml:31:25-66
46
47                <category android:name="android.intent.category.LAUNCHER" />
47-->Calculator\android-build\AndroidManifest.xml:32:17-77
47-->Calculator\android-build\AndroidManifest.xml:32:27-74
48            </intent-filter>
49
50            <meta-data
50-->Calculator\android-build\AndroidManifest.xml:35:11-37:46
51                android:name="android.app.lib_name"
51-->Calculator\android-build\AndroidManifest.xml:36:17-52
52                android:value="Calculator" />
52-->Calculator\android-build\AndroidManifest.xml:37:17-43
53            <meta-data
53-->Calculator\android-build\AndroidManifest.xml:39:11-41:36
54                android:name="android.app.arguments"
54-->Calculator\android-build\AndroidManifest.xml:40:17-53
55                android:value="" />
55-->Calculator\android-build\AndroidManifest.xml:41:17-33
56            <meta-data
56-->Calculator\android-build\AndroidManifest.xml:43:13-45:43
57                android:name="android.app.extract_android_style"
57-->Calculator\android-build\AndroidManifest.xml:44:17-65
58                android:value="minimal" />
58-->Calculator\android-build\AndroidManifest.xml:45:17-40
59        </activity>
60
61        <provider
62            android:name="androidx.core.content.FileProvider"
62-->Calculator\android-build\AndroidManifest.xml:49:13-62
63            android:authorities="org.qtproject.example.Calculator.qtprovider"
63-->Calculator\android-build\AndroidManifest.xml:50:13-62
64            android:exported="false"
64-->Calculator\android-build\AndroidManifest.xml:51:13-37
65            android:grantUriPermissions="true" >
65-->Calculator\android-build\AndroidManifest.xml:52:13-47
66            <meta-data
66-->Calculator\android-build\AndroidManifest.xml:53:13-55:59
67                android:name="android.support.FILE_PROVIDER_PATHS"
67-->Calculator\android-build\AndroidManifest.xml:54:17-67
68                android:resource="@xml/qtprovider_paths" />
68-->Calculator\android-build\AndroidManifest.xml:55:17-57
69        </provider>
70    </application>
71
72</manifest>